1499209378938	geckodriver	INFO	Listening on 127.0.0.1:55087
1499209386086	mozprofile::profile	INFO	Using profile path /var/folders/lv/v5d76xw51p9695j_06b31jqh0000gn/T/rust_mozprofile.4yeJuw2qEmDN
1499209386152	geckodriver::marionette	INFO	Starting browser /Applications/Firefox.app/Contents/MacOS/firefox-bin with args []
1499209386248	geckodriver::marionette	INFO	Connecting to Marionette on localhost:55100
1499209427071	Marionette	INFO	Listening on port 55100
1499209447215	Marionette	WARN	TLS certificate errors will be ignored for this session
2017-07-04 19:06:11.996 plugin-container[9179:303] *** CFMessagePort: bootstrap_register(): failed 1100 (0x44c) 'Permission denied', port = 0x6033, name = 'com.apple.tsm.portname'
See /usr/include/servers/bootstrap_defs.h for the error codes.
2017-07-04 19:06:12.055 plugin-container[9179:303] *** CFMessagePort: bootstrap_register(): failed 1100 (0x44c) 'Permission denied', port = 0x930b, name = 'com.apple.CFPasteboardClient'
See /usr/include/servers/bootstrap_defs.h for the error codes.
2017-07-04 19:06:12.055 plugin-container[9179:303] Failed to allocate communication port for com.apple.CFPasteboardClient; this is likely due to sandbox restrictions
JavaScript warning: https://eth.nanopool.org/js/libs/flipclock.min.js, line 1: unreachable code after return statement
JavaScript warning: https://eth.nanopool.org/js/libs/flipclock.min.js, line 1: unreachable code after return statement
[Child 9179] ###!!! ABORT: Aborting on channel error.: file /builds/slave/m-rel-m64-00000000000000000000/build/src/ipc/glue/MessageChannel.cpp, line 2143
[Child 9179] ###!!! ABORT: Aborting on channel error.: file /builds/slave/m-rel-m64-00000000000000000000/build/src/ipc/glue/MessageChannel.cpp, line 2143
1499210833277	geckodriver	INFO	Listening on 127.0.0.1:57138
1499210837712	mozprofile::profile	INFO	Using profile path /var/folders/lv/v5d76xw51p9695j_06b31jqh0000gn/T/rust_mozprofile.F14nHkJMSWHO
1499210837746	geckodriver::marionette	INFO	Starting browser /Applications/Firefox.app/Contents/MacOS/firefox-bin with args []
1499210837832	geckodriver::marionette	INFO	Connecting to Marionette on localhost:57152
1499210863008	Marionette	INFO	Listening on port 57152
1499210878642	Marionette	WARN	TLS certificate errors will be ignored for this session
2017-07-04 19:30:03.698 plugin-container[9378:303] *** CFMessagePort: bootstrap_register(): failed 1100 (0x44c) 'Permission denied', port = 0x8a27, name = 'com.apple.tsm.portname'
See /usr/include/servers/bootstrap_defs.h for the error codes.
2017-07-04 19:30:03.725 plugin-container[9378:303] *** CFMessagePort: bootstrap_register(): failed 1100 (0x44c) 'Permission denied', port = 0x483b, name = 'com.apple.CFPasteboardClient'
See /usr/include/servers/bootstrap_defs.h for the error codes.
2017-07-04 19:30:03.725 plugin-container[9378:303] Failed to allocate communication port for com.apple.CFPasteboardClient; this is likely due to sandbox restrictions
JavaScript warning: https://eth.nanopool.org/js/libs/flipclock.min.js, line 1: unreachable code after return statement
JavaScript warning: https://eth.nanopool.org/js/libs/flipclock.min.js, line 1: unreachable code after return statement
JavaScript error: chrome://browser/content/places/browserPlacesViews.js, line 263: TypeError: this.controller is undefined
JavaScript error: chrome://browser/content/places/browserPlacesViews.js, line 263: TypeError: this.controller is undefined
1499211463025	geckodriver	INFO	Listening on 127.0.0.1:58042
1499211466167	mozprofile::profile	INFO	Using profile path /var/folders/lv/v5d76xw51p9695j_06b31jqh0000gn/T/rust_mozprofile.mM9nRAnagiXn
1499211466169	geckodriver::marionette	INFO	Starting browser /Applications/Firefox.app/Contents/MacOS/firefox-bin with args []
1499211466245	geckodriver::marionette	INFO	Connecting to Marionette on localhost:58055
1499211486681	Marionette	INFO	Listening on port 58055
*************************
A coding exception was thrown and uncaught in a Task.

Full message: TypeError: NetworkError when attempting to fetch resource.
Full stack: 
*************************
1499211495641	Marionette	WARN	TLS certificate errors will be ignored for this session
2017-07-04 19:39:07.875 plugin-container[9421:303] *** CFMessagePort: bootstrap_register(): failed 1100 (0x44c) 'Permission denied', port = 0x4a13, name = 'com.apple.tsm.portname'
See /usr/include/servers/bootstrap_defs.h for the error codes.
2017-07-04 19:39:08.069 plugin-container[9421:303] *** CFMessagePort: bootstrap_register(): failed 1100 (0x44c) 'Permission denied', port = 0x483f, name = 'com.apple.CFPasteboardClient'
See /usr/include/servers/bootstrap_defs.h for the error codes.
2017-07-04 19:39:08.069 plugin-container[9421:303] Failed to allocate communication port for com.apple.CFPasteboardClient; this is likely due to sandbox restrictions
JavaScript warning: https://eth.nanopool.org/js/libs/flipclock.min.js, line 1: unreachable code after return statement
JavaScript warning: https://eth.nanopool.org/js/libs/flipclock.min.js, line 1: unreachable code after return statement
*************************
A coding exception was thrown and uncaught in a Task.

Full message: TypeError: NetworkError when attempting to fetch resource.
Full stack: 
*************************
1499222045519	geckodriver	INFO	Listening on 127.0.0.1:61394
1499222048963	mozprofile::profile	INFO	Using profile path /var/folders/lv/v5d76xw51p9695j_06b31jqh0000gn/T/rust_mozprofile.Kbu9tCPPGPK2
1499222048964	geckodriver::marionette	INFO	Starting browser /Applications/Firefox.app/Contents/MacOS/firefox-bin with args []
1499222049052	geckodriver::marionette	INFO	Connecting to Marionette on localhost:61407
1499222073959	Marionette	INFO	Listening on port 61407
1499222079858	Marionette	WARN	TLS certificate errors will be ignored for this session
2017-07-04 22:35:26.674 plugin-container[10795:303] *** CFMessagePort: bootstrap_register(): failed 1100 (0x44c) 'Permission denied', port = 0x482b, name = 'com.apple.tsm.portname'
See /usr/include/servers/bootstrap_defs.h for the error codes.
2017-07-04 22:35:26.827 plugin-container[10795:303] *** CFMessagePort: bootstrap_register(): failed 1100 (0x44c) 'Permission denied', port = 0x8a3f, name = 'com.apple.CFPasteboardClient'
See /usr/include/servers/bootstrap_defs.h for the error codes.
2017-07-04 22:35:26.827 plugin-container[10795:303] Failed to allocate communication port for com.apple.CFPasteboardClient; this is likely due to sandbox restrictions
JavaScript warning: https://eth.nanopool.org/js/libs/flipclock.min.js, line 1: unreachable code after return statement
JavaScript warning: https://eth.nanopool.org/js/libs/flipclock.min.js, line 1: unreachable code after return statement
1499222319249	geckodriver	INFO	Listening on 127.0.0.1:62284
1499222322386	mozprofile::profile	INFO	Using profile path /var/folders/lv/v5d76xw51p9695j_06b31jqh0000gn/T/rust_mozprofile.QzfIayJPcMXQ
1499222322388	geckodriver::marionette	INFO	Starting browser /Applications/Firefox.app/Contents/MacOS/firefox-bin with args []
1499222322541	geckodriver::marionette	INFO	Connecting to Marionette on localhost:62297
1499222338548	Marionette	INFO	Listening on port 62297
1499222345714	Marionette	WARN	TLS certificate errors will be ignored for this session
2017-07-04 22:40:09.491 plugin-container[10842:303] *** CFMessagePort: bootstrap_register(): failed 1100 (0x44c) 'Permission denied', port = 0x4a2f, name = 'com.apple.tsm.portname'
See /usr/include/servers/bootstrap_defs.h for the error codes.
2017-07-04 22:40:09.535 plugin-container[10842:303] *** CFMessagePort: bootstrap_register(): failed 1100 (0x44c) 'Permission denied', port = 0x9323, name = 'com.apple.CFPasteboardClient'
See /usr/include/servers/bootstrap_defs.h for the error codes.
2017-07-04 22:40:09.535 plugin-container[10842:303] Failed to allocate communication port for com.apple.CFPasteboardClient; this is likely due to sandbox restrictions
JavaScript warning: https://eth.nanopool.org/js/libs/flipclock.min.js, line 1: unreachable code after return statement
JavaScript warning: https://eth.nanopool.org/js/libs/flipclock.min.js, line 1: unreachable code after return statement
*************************
A coding exception was thrown and uncaught in a Task.

Full message: TypeError: NetworkError when attempting to fetch resource.
Full stack: 
*************************
1499222908151	geckodriver	INFO	Listening on 127.0.0.1:62969
1499222916190	mozprofile::profile	INFO	Using profile path /var/folders/lv/v5d76xw51p9695j_06b31jqh0000gn/T/rust_mozprofile.LN0Osafi6L1u
1499222916225	geckodriver::marionette	INFO	Starting browser /Applications/Firefox.app/Contents/MacOS/firefox-bin with args []
1499222916505	geckodriver::marionette	INFO	Connecting to Marionette on localhost:62982
1499222956217	Marionette	INFO	Listening on port 62982
1499222959772	Marionette	WARN	TLS certificate errors will be ignored for this session
2017-07-04 22:49:57.685 plugin-container[10909:303] *** CFMessagePort: bootstrap_register(): failed 1100 (0x44c) 'Permission denied', port = 0x4913, name = 'com.apple.tsm.portname'
See /usr/include/servers/bootstrap_defs.h for the error codes.
2017-07-04 22:49:57.866 plugin-container[10909:303] *** CFMessagePort: bootstrap_register(): failed 1100 (0x44c) 'Permission denied', port = 0x8a3f, name = 'com.apple.CFPasteboardClient'
See /usr/include/servers/bootstrap_defs.h for the error codes.
2017-07-04 22:49:57.866 plugin-container[10909:303] Failed to allocate communication port for com.apple.CFPasteboardClient; this is likely due to sandbox restrictions
JavaScript warning: https://eth.nanopool.org/js/libs/flipclock.min.js, line 1: unreachable code after return statement
JavaScript warning: https://eth.nanopool.org/js/libs/flipclock.min.js, line 1: unreachable code after return statement
*************************
A coding exception was thrown and uncaught in a Task.

Full message: TypeError: NetworkError when attempting to fetch resource.
Full stack: 
*************************
JavaScript error: resource:///modules/URLBarZoom.jsm, line 24: TypeError: win is null

###!!! [Child][MessageChannel] Error: (msgtype=0x2C0048,name=PBrowser::Msg___delete__) Channel closing: too late to send/recv, messages will be lost

